* using log directory ‘/mnt/d/PostdocUnsync/myLibraries/oob/..Rcheck’
* using R version 4.2.2 Patched (2022-11-10 r83330)
* using platform: x86_64-pc-linux-gnu (64-bit)
* using session charset: UTF-8
* checking for file ‘./DESCRIPTION’ ... OK
* checking extension type ... Package
* this is package ‘oob’ version ‘0.1.0’
* package encoding: UTF-8
* checking package namespace information ... OK
* checking package dependencies ... ERROR
Packages required but not available:
  'batchelor', 'fgsea', 'gage', 'ggbeeswarm', 'glmnet', 'pathview',
  'pvclust', 'qualpalr', 'reactome.db', 'rgl', 'scater', 'scran',
  'WGCNA'

Package suggested but not available: ‘rmarkdown’

Namespace dependencies missing from DESCRIPTION Imports/Depends entries:
  'Rcpp', 'RcppArmadillo'

The suggested packages are required for a complete check.
Checking can be attempted without them by setting the environment
variable _R_CHECK_FORCE_SUGGESTS_ to a false value.

See section ‘The DESCRIPTION file’ in the ‘Writing R Extensions’
manual.
* DONE
Status: 1 ERROR
